<?xml version="1.0" encoding="UTF-8"?>
<!-- Generated by org.testng.reporters.JUnitXMLReporter -->
<testsuite ignored="0" hostname="DESKTOP-I4J4Q23" failures="0" tests="4" name="Default test" time="0.15" errors="0" timestamp="2021-12-10T14:25:25 IST">
  <testcase classname="com.Vtiger.GenericUtil.NewDataProvider" name="print" time="0.01"/>
  <testcase classname="com.Vtiger.GenericUtil.NewDataProvider" name="print" time="0.002"/>
  <testcase classname="com.Vtiger.GenericUtil.NewDataProvider" name="print" time="0.003"/>
  <testcase classname="com.Vtiger.GenericUtil.NewDataProvider" name="print" time="0.002"/>
</testsuite> <!-- Default test -->
