<?xml version="1.0" encoding="UTF-8"?>
<!-- Generated by org.testng.reporters.JUnitXMLReporter -->
<testsuite ignored="0" hostname="DESKTOP-3EF8ESB" failures="0" tests="2" name="Default test" time="70.512" errors="0" timestamp="2021-12-22T10:23:47 IST">
  <testcase classname="com.Vtiger.TC.TC003_CreateContactWithOrganizationTest" name="createContactSmoke" time="17.591"/>
  <testcase classname="com.Vtiger.TC.TC003_CreateContactWithOrganizationTest" name="createContactWithOrg" time="19.95"/>
</testsuite> <!-- Default test -->
