<?xml version="1.0" encoding="UTF-8"?>
<!-- Generated by org.testng.reporters.JUnitXMLReporter -->
<testsuite ignored="7" hostname="DESKTOP-I4J4Q23" failures="0" tests="3" name="Test" time="180.304" errors="0" timestamp="2021-12-13T11:23:22 IST">
  <testcase classname="com.Vtiger.TC.TC003_CreateContactWithOrganizationTest" name="createContactSmoke" time="45.495"/>
  <testcase classname="com.Vtiger.TC.TC001_CreateOrganizationTest" name="createOrganization" time="36.145">
    <skipped/>
  </testcase> <!-- createOrganization -->
  <testcase classname="com.Vtiger.TC.TC001_CreateOrganizationTest" name="createOrganization" time="22.646"/>
  <testcase classname="com.Vtiger.TC.TC002_CreateOrganizationWithDropdownTest" name="createOrgWithDD" time="0.0">
    <ignored/>
  </testcase> <!-- createOrgWithDD -->
  <testcase classname="com.Vtiger.TC.TC003_CreateContactWithOrganizationTest" name="createContactWithOrg" time="0.0">
    <ignored/>
  </testcase> <!-- createContactWithOrg -->
  <testcase classname="com.Vtiger.GenericUtil.BaseClass" name="@AfterSuite disconnectFromDB" time="0.0">
    <ignored/>
  </testcase> <!-- @AfterSuite disconnectFromDB -->
  <testcase classname="com.Vtiger.GenericUtil.BaseClass" name="@AfterSuite disconnectFromDB" time="0.0">
    <ignored/>
  </testcase> <!-- @AfterSuite disconnectFromDB -->
  <testcase classname="com.Vtiger.GenericUtil.BaseClass" name="@BeforeSuite connectToDB" time="0.0">
    <ignored/>
  </testcase> <!-- @BeforeSuite connectToDB -->
  <testcase classname="com.Vtiger.GenericUtil.BaseClass" name="@BeforeSuite connectToDB" time="0.0">
    <ignored/>
  </testcase> <!-- @BeforeSuite connectToDB -->
  <testcase classname="com.Vtiger.TC.TC001_CreateOrganizationTest" name="createOrgWithContact" time="0.0">
    <ignored/>
  </testcase> <!-- createOrgWithContact -->
</testsuite> <!-- Test -->
