<?xml version="1.0" encoding="UTF-8"?>
<testng-results ignored="0" total="1" passed="1" failed="0" skipped="0">
  <reporter-output>
  </reporter-output>
  <suite started-at="2021-12-16T16:23:44 IST" name="Default suite" finished-at="2021-12-16T16:24:17 IST" duration-ms="33086">
    <groups>
    </groups>
    <test started-at="2021-12-16T16:23:44 IST" name="Default test" finished-at="2021-12-16T16:24:17 IST" duration-ms="33086">
      <class name="com.SDET2.Rdata.SampleTest">
        <test-method signature="cmdLineParameter()[pri:0, instance:com.SDET2.Rdata.SampleTest@4d0f2471]" started-at="2021-12-16T16:23:44 IST" name="cmdLineParameter" finished-at="2021-12-16T16:24:17 IST" duration-ms="32979" status="PASS">
          <reporter-output>
          </reporter-output>
        </test-method> <!-- cmdLineParameter -->
      </class> <!-- com.SDET2.Rdata.SampleTest -->
    </test> <!-- Default test -->
  </suite> <!-- Default suite -->
</testng-results>
