<?xml version="1.0" encoding="UTF-8"?>
<testng-results ignored="0" total="2" passed="2" failed="0" skipped="0">
  <reporter-output>
  </reporter-output>
  <suite started-at="2021-12-22T10:22:36 IST" name="Default suite" finished-at="2021-12-22T10:23:47 IST" duration-ms="70512">
    <groups>
      <group name="SmokeTest">
        <method signature="TC003_CreateContactWithOrganizationTest.createContactSmoke()[pri:0, instance:com.Vtiger.TC.TC003_CreateContactWithOrganizationTest@47e2e487]" name="createContactSmoke" class="com.Vtiger.TC.TC003_CreateContactWithOrganizationTest"/>
      </group> <!-- SmokeTest -->
      <group name="RegressionTest">
        <method signature="TC003_CreateContactWithOrganizationTest.createContactWithOrg()[pri:0, instance:com.Vtiger.TC.TC003_CreateContactWithOrganizationTest@47e2e487]" name="createContactWithOrg" class="com.Vtiger.TC.TC003_CreateContactWithOrganizationTest"/>
      </group> <!-- RegressionTest -->
    </groups>
    <test started-at="2021-12-22T10:22:36 IST" name="Default test" finished-at="2021-12-22T10:23:47 IST" duration-ms="70512">
      <class name="com.Vtiger.TC.TC003_CreateContactWithOrganizationTest">
        <test-method is-config="true" signature="connectToDB()[pri:0, instance:com.Vtiger.TC.TC003_CreateContactWithOrganizationTest@47e2e487]" started-at="2021-12-22T10:22:36 IST" name="connectToDB" finished-at="2021-12-22T10:22:36 IST" duration-ms="15" status="PASS">
          <reporter-output>
          </reporter-output>
        </test-method> <!-- connectToDB -->
        <test-method is-config="true" signature="launchBrowser_URL()[pri:0, instance:com.Vtiger.TC.TC003_CreateContactWithOrganizationTest@47e2e487]" started-at="2021-12-22T10:22:37 IST" name="launchBrowser_URL" finished-at="2021-12-22T10:22:42 IST" duration-ms="5385" status="PASS">
          <reporter-output>
          </reporter-output>
        </test-method> <!-- launchBrowser_URL -->
        <test-method is-config="true" signature="loginToApp()[pri:0, instance:com.Vtiger.TC.TC003_CreateContactWithOrganizationTest@47e2e487]" started-at="2021-12-22T10:22:42 IST" name="loginToApp" finished-at="2021-12-22T10:22:46 IST" duration-ms="4402" status="PASS">
          <reporter-output>
          </reporter-output>
        </test-method> <!-- loginToApp -->
        <test-method signature="createContactSmoke()[pri:0, instance:com.Vtiger.TC.TC003_CreateContactWithOrganizationTest@47e2e487]" started-at="2021-12-22T10:22:46 IST" name="createContactSmoke" finished-at="2021-12-22T10:23:04 IST" duration-ms="17591" status="PASS">
          <reporter-output>
          </reporter-output>
        </test-method> <!-- createContactSmoke -->
        <test-method is-config="true" signature="logoutFromApp()[pri:0, instance:com.Vtiger.TC.TC003_CreateContactWithOrganizationTest@47e2e487]" started-at="2021-12-22T10:23:04 IST" name="logoutFromApp" finished-at="2021-12-22T10:23:12 IST" duration-ms="7902" status="PASS">
          <reporter-output>
          </reporter-output>
        </test-method> <!-- logoutFromApp -->
        <test-method is-config="true" signature="loginToApp()[pri:0, instance:com.Vtiger.TC.TC003_CreateContactWithOrganizationTest@47e2e487]" started-at="2021-12-22T10:23:12 IST" name="loginToApp" finished-at="2021-12-22T10:23:15 IST" duration-ms="3373" status="PASS">
          <reporter-output>
          </reporter-output>
        </test-method> <!-- loginToApp -->
        <test-method signature="createContactWithOrg()[pri:0, instance:com.Vtiger.TC.TC003_CreateContactWithOrganizationTest@47e2e487]" started-at="2021-12-22T10:23:15 IST" name="createContactWithOrg" finished-at="2021-12-22T10:23:35 IST" duration-ms="19950" status="PASS">
          <reporter-output>
          </reporter-output>
        </test-method> <!-- createContactWithOrg -->
        <test-method is-config="true" signature="logoutFromApp()[pri:0, instance:com.Vtiger.TC.TC003_CreateContactWithOrganizationTest@47e2e487]" started-at="2021-12-22T10:23:35 IST" name="logoutFromApp" finished-at="2021-12-22T10:23:44 IST" duration-ms="8642" status="PASS">
          <reporter-output>
          </reporter-output>
        </test-method> <!-- logoutFromApp -->
        <test-method is-config="true" signature="tearDown()[pri:0, instance:com.Vtiger.TC.TC003_CreateContactWithOrganizationTest@47e2e487]" started-at="2021-12-22T10:23:44 IST" name="tearDown" finished-at="2021-12-22T10:23:47 IST" duration-ms="3192" status="PASS">
          <reporter-output>
          </reporter-output>
        </test-method> <!-- tearDown -->
        <test-method is-config="true" signature="disconnectFromDB()[pri:0, instance:com.Vtiger.TC.TC003_CreateContactWithOrganizationTest@47e2e487]" started-at="2021-12-22T10:23:47 IST" name="disconnectFromDB" finished-at="2021-12-22T10:23:47 IST" duration-ms="0" status="PASS">
          <reporter-output>
          </reporter-output>
        </test-method> <!-- disconnectFromDB -->
      </class> <!-- com.Vtiger.TC.TC003_CreateContactWithOrganizationTest -->
    </test> <!-- Default test -->
  </suite> <!-- Default suite -->
</testng-results>
